2018-02-05 03:44:25,953 [INFO] Training: /data/ml100k/u1.base, Testing:: /data/ml100k/u1.test.
2018-02-05 03:44:26,495 [DEBUG] User amount: 943, item amount: 1650
2018-02-05 03:44:26,495 [DEBUG] Rate amount: 80000
2018-02-05 03:44:26,672 [DEBUG] User amount: 943, item amount: 1650
2018-02-05 03:44:26,672 [DEBUG] Rate amount: 19968
2018-02-05 03:44:26,759 [INFO] AsyUnifiedRanker: 30,5.0E-4,0.35,0.35,100,1600,1,100,0.4,10
2018-02-05 03:44:26,783 [INFO] 1/1
2018-02-05 03:44:31,955 [INFO] 1/1
2018-02-05 03:44:50,087 [INFO] 4999	Whole:0.307625,0.303922,0.046067,0.093394,0.000000,0.200664,0.132993,0.537832,-1
2018-02-05 03:44:50,103 [INFO] 4999	Cold:0.400000,0.200000,0.117647,0.117647,0.000000,0.140000,0.218546,1.000000,-1
2018-02-05 03:44:50,103 [INFO] 1/1
2018-02-05 03:45:06,862 [INFO] 1/1
2018-02-05 03:45:23,120 [INFO] 9999	Whole:0.366885,0.330937,0.058968,0.102565,0.000000,0.235641,0.150037,0.591410,-1
2018-02-05 03:45:23,124 [INFO] 9999	Cold:0.400000,0.200000,0.117647,0.117647,0.000000,0.166667,0.236376,1.000000,-1
2018-02-05 03:45:23,124 [INFO] 1/1
2018-02-05 03:45:38,731 [INFO] 1/1
2018-02-05 03:45:53,813 [INFO] 14999	Whole:0.452723,0.404793,0.084349,0.143814,0.000000,0.313320,0.201630,0.676723,-1
2018-02-05 03:45:53,817 [INFO] 14999	Cold:0.400000,0.200000,0.117647,0.117647,0.000000,0.200000,0.257009,1.000000,-1
2018-02-05 03:45:53,817 [INFO] 1/1
2018-02-05 03:46:09,732 [INFO] 1/1
2018-02-05 03:46:12,878 [INFO] 19999	Whole:0.470153,0.418301,0.092702,0.152588,0.000000,0.323540,0.210774,0.683232,-1
2018-02-05 03:46:12,885 [INFO] 19999	Cold:0.400000,0.200000,0.117647,0.117647,0.000000,0.200000,0.257009,1.000000,-1
2018-02-05 03:46:12,887 [INFO] 1/1
2018-02-05 03:46:27,340 [INFO] 1/1
